<?xml version="1.0" encoding="UTF-8"?>
<!-- Generated by org.testng.reporters.JUnitReportReporter -->
<testsuite hostname="Suraiya" failures="0" tests="5" name="com.TN.Runner.Runner_TestNG" time="29.465" errors="0" timestamp="2024-12-18T00:45:22 EST" skipped="0">
  <testcase classname="com.TN.Runner.Runner_TestNG" name="runScenario" time="6.413"/>
  <testcase classname="com.TN.Runner.Runner_TestNG" name="runScenario" time="5.561"/>
  <testcase classname="com.TN.Runner.Runner_TestNG" name="runScenario" time="8.338"/>
  <testcase classname="com.TN.Runner.Runner_TestNG" name="runScenario" time="5.418"/>
  <testcase classname="com.TN.Runner.Runner_TestNG" name="runScenario" time="3.735"/>
</testsuite> <!-- com.TN.Runner.Runner_TestNG -->
