<?xml version="1.0" encoding="UTF-8"?>
<!-- Generated by org.testng.reporters.JUnitReportReporter -->
<testsuite hostname="Suraiya" failures="0" tests="5" name="com.TN.Runner.Runner_TestNG" time="27.859" errors="0" timestamp="2024-12-16T00:53:24 EST" skipped="0">
  <testcase classname="com.TN.Runner.Runner_TestNG" name="runScenario" time="4.981"/>
  <testcase classname="com.TN.Runner.Runner_TestNG" name="runScenario" time="8.005"/>
  <testcase classname="com.TN.Runner.Runner_TestNG" name="runScenario" time="5.430"/>
  <testcase classname="com.TN.Runner.Runner_TestNG" name="runScenario" time="5.566"/>
  <testcase classname="com.TN.Runner.Runner_TestNG" name="runScenario" time="3.877"/>
</testsuite> <!-- com.TN.Runner.Runner_TestNG -->
